2018-01-14 05:47:23 [::1][-][-][error][yii\web\HttpException:404] yii\base\InvalidRouteException: Unable to resolve the request "". in /opt/lampp/htdocs/shop/vendor/yiisoft/yii2/base/Module.php:537
Stack trace:
#0 /opt/lampp/htdocs/shop/vendor/yiisoft/yii2/web/Application.php(103): yii\base\Module->runAction('', Array)
#1 /opt/lampp/htdocs/shop/vendor/yiisoft/yii2/base/Application.php(386): yii\web\Application->handleRequest(Object(yii\web\Request))
#2 /opt/lampp/htdocs/shop/web/index.php(12): yii\base\Application->run()
#3 {main}

Next yii\web\NotFoundHttpException: Page not found. in /opt/lampp/htdocs/shop/vendor/yiisoft/yii2/web/Application.php:115
Stack trace:
#0 /opt/lampp/htdocs/shop/vendor/yiisoft/yii2/base/Application.php(386): yii\web\Application->handleRequest(Object(yii\web\Request))
#1 /opt/lampp/htdocs/shop/web/index.php(12): yii\base\Application->run()
#2 {main}
2018-01-14 05:47:23 [::1][-][-][info][application] $_COOKIE = [
    'PHPSESSID' => 'c99cd2a9d7097626e5abadf771f259ab'
    '_csrf' => '8530474753ffbddc1874e178ac31765071b75313052d4114e5740ec2cae82946a:2:{i:0;s:5:\"_csrf\";i:1;s:32:\"7iK4QW_6jYuWLI_cE9Ylckgj4_md_sKM\";}'
]

$_SESSION = [
    '__flash' => []
]

$_SERVER = [
    'UNIQUE_ID' => 'Wlrg238AAAEAABK-sagAAAAB'
    'HTTP_HOST' => 'localhost'
    'HTTP_CONNECTION' => 'keep-alive'
    'HTTP_CACHE_CONTROL' => 'max-age=0'
    'HTTP_SAVE_DATA' => 'on'
    'HTTP_USER_AGENT' => 'Mozilla/5.0 (X11; Fedora; Linux x86_64) AppleWebKit/537.36 (KHTML, like Gecko) Chrome/63.0.3239.132 Safari/537.36'
    'HTTP_UPGRADE_INSECURE_REQUESTS' => '1'
    'HTTP_ACCEPT' => 'text/html,application/xhtml+xml,application/xml;q=0.9,image/webp,image/apng,*/*;q=0.8'
    'HTTP_ACCEPT_ENCODING' => 'gzip, deflate, br'
    'HTTP_ACCEPT_LANGUAGE' => 'en,ru-RU;q=0.9,ru;q=0.8,en-US;q=0.7'
    'HTTP_COOKIE' => 'PHPSESSID=c99cd2a9d7097626e5abadf771f259ab; _csrf=8530474753ffbddc1874e178ac31765071b75313052d4114e5740ec2cae82946a%3A2%3A%7Bi%3A0%3Bs%3A5%3A%22_csrf%22%3Bi%3A1%3Bs%3A32%3A%227iK4QW_6jYuWLI_cE9Ylckgj4_md_sKM%22%3B%7D'
    'PATH' => '/sbin:/bin:/usr/sbin:/usr/bin'
    'LD_LIBRARY_PATH' => '/opt/lampp/lib:/opt/lampp/lib'
    'SERVER_SIGNATURE' => ''
    'SERVER_SOFTWARE' => 'Apache/2.4.27 (Unix) OpenSSL/1.0.2l PHP/7.1.9 mod_perl/2.0.8-dev Perl/v5.16.3'
    'SERVER_NAME' => 'localhost'
    'SERVER_ADDR' => '::1'
    'SERVER_PORT' => '80'
    'REMOTE_ADDR' => '::1'
    'DOCUMENT_ROOT' => '/opt/lampp/htdocs'
    'REQUEST_SCHEME' => 'http'
    'CONTEXT_PREFIX' => ''
    'CONTEXT_DOCUMENT_ROOT' => '/opt/lampp/htdocs'
    'SERVER_ADMIN' => 'you@example.com'
    'SCRIPT_FILENAME' => '/opt/lampp/htdocs/shop/web/index.php'
    'REMOTE_PORT' => '36604'
    'GATEWAY_INTERFACE' => 'CGI/1.1'
    'SERVER_PROTOCOL' => 'HTTP/1.1'
    'REQUEST_METHOD' => 'GET'
    'QUERY_STRING' => ''
    'REQUEST_URI' => '/shop/web/'
    'SCRIPT_NAME' => '/shop/web/index.php'
    'PHP_SELF' => '/shop/web/index.php'
    'REQUEST_TIME_FLOAT' => 1515905243.049
    'REQUEST_TIME' => 1515905243
]
